{"C:\\Users\\aleo.yakas\\sites\\hostile-aliens\\JavaScript\\Ship.js": {"path":"C:\\Users\\aleo.yakas\\sites\\hostile-aliens\\JavaScript\\Ship.js","statementMap":{"0":{"start":{"line":5,"column":4},"end":{"line":5,"column":23}},"1":{"start":{"line":6,"column":4},"end":{"line":6,"column":29}},"2":{"start":{"line":7,"column":4},"end":{"line":7,"column":26}},"3":{"start":{"line":8,"column":4},"end":{"line":8,"column":26}},"4":{"start":{"line":12,"column":4},"end":{"line":12,"column":31}},"5":{"start":{"line":16,"column":4},"end":{"line":16,"column":27}},"6":{"start":{"line":20,"column":4},"end":{"line":24,"column":5}},"7":{"start":{"line":21,"column":6},"end":{"line":21,"column":26}},"8":{"start":{"line":23,"column":6},"end":{"line":23,"column":43}},"9":{"start":{"line":28,"column":4},"end":{"line":28,"column":76}},"10":{"start":{"line":36,"column":4},"end":{"line":36,"column":12}},"11":{"start":{"line":37,"column":4},"end":{"line":37,"column":23}},"12":{"start":{"line":38,"column":4},"end":{"line":38,"column":30}},"13":{"start":{"line":39,"column":4},"end":{"line":39,"column":25}},"14":{"start":{"line":40,"column":4},"end":{"line":40,"column":27}},"15":{"start":{"line":48,"column":4},"end":{"line":48,"column":12}},"16":{"start":{"line":49,"column":4},"end":{"line":49,"column":23}},"17":{"start":{"line":50,"column":4},"end":{"line":50,"column":29}},"18":{"start":{"line":51,"column":4},"end":{"line":51,"column":25}},"19":{"start":{"line":52,"column":4},"end":{"line":52,"column":27}}},"fnMap":{"0":{"name":"(anonymous_0)","decl":{"start":{"line":2,"column":2},"end":{"line":2,"column":3}},"loc":{"start":{"line":4,"column":4},"end":{"line":9,"column":3}},"line":4},"1":{"name":"(anonymous_1)","decl":{"start":{"line":11,"column":2},"end":{"line":11,"column":3}},"loc":{"start":{"line":11,"column":17},"end":{"line":13,"column":3}},"line":11},"2":{"name":"(anonymous_2)","decl":{"start":{"line":15,"column":2},"end":{"line":15,"column":3}},"loc":{"start":{"line":15,"column":18},"end":{"line":17,"column":3}},"line":15},"3":{"name":"(anonymous_3)","decl":{"start":{"line":19,"column":2},"end":{"line":19,"column":3}},"loc":{"start":{"line":19,"column":10},"end":{"line":25,"column":3}},"line":19},"4":{"name":"(anonymous_4)","decl":{"start":{"line":27,"column":2},"end":{"line":27,"column":3}},"loc":{"start":{"line":27,"column":11},"end":{"line":29,"column":3}},"line":27},"5":{"name":"(anonymous_5)","decl":{"start":{"line":33,"column":2},"end":{"line":33,"column":3}},"loc":{"start":{"line":35,"column":4},"end":{"line":41,"column":3}},"line":35},"6":{"name":"(anonymous_6)","decl":{"start":{"line":45,"column":2},"end":{"line":45,"column":3}},"loc":{"start":{"line":47,"column":4},"end":{"line":53,"column":3}},"line":47}},"branchMap":{"0":{"loc":{"start":{"line":20,"column":4},"end":{"line":24,"column":5}},"type":"if","locations":[{"start":{"line":20,"column":4},"end":{"line":24,"column":5}},{"start":{"line":20,"column":4},"end":{"line":24,"column":5}}],"line":20}},"s":{"0":62,"1":62,"2":62,"3":62,"4":8,"5":4,"6":8,"7":2,"8":6,"9":22,"10":24,"11":24,"12":24,"13":24,"14":24,"15":27,"16":27,"17":27,"18":27,"19":27},"f":{"0":62,"1":8,"2":4,"3":8,"4":22,"5":24,"6":27},"b":{"0":[2,6]},"_coverageSchema":"43e27e138ebf9cfc5966b082cf9a028302ed4184","hash":"8091c50746ed71a781fb49c0565a4ffbf15b1157"}
,"C:\\Users\\aleo.yakas\\sites\\hostile-aliens\\JavaScript\\main.js": {"path":"C:\\Users\\aleo.yakas\\sites\\hostile-aliens\\JavaScript\\main.js","statementMap":{"0":{"start":{"line":3,"column":29},"end":{"line":12,"column":1}},"1":{"start":{"line":4,"column":14},"end":{"line":4,"column":34}},"2":{"start":{"line":5,"column":2},"end":{"line":7,"column":3}},"3":{"start":{"line":5,"column":19},"end":{"line":5,"column":20}},"4":{"start":{"line":6,"column":4},"end":{"line":6,"column":39}},"5":{"start":{"line":8,"column":2},"end":{"line":10,"column":3}},"6":{"start":{"line":8,"column":19},"end":{"line":8,"column":20}},"7":{"start":{"line":9,"column":4},"end":{"line":9,"column":38}},"8":{"start":{"line":11,"column":2},"end":{"line":11,"column":15}},"9":{"start":{"line":14,"column":32},"end":{"line":20,"column":1}},"10":{"start":{"line":15,"column":13},"end":{"line":15,"column":15}},"11":{"start":{"line":16,"column":2},"end":{"line":18,"column":5}},"12":{"start":{"line":17,"column":4},"end":{"line":17,"column":25}},"13":{"start":{"line":19,"column":2},"end":{"line":19,"column":61}},"14":{"start":{"line":22,"column":26},"end":{"line":30,"column":1}},"15":{"start":{"line":23,"column":16},"end":{"line":23,"column":61}},"16":{"start":{"line":24,"column":2},"end":{"line":24,"column":18}},"17":{"start":{"line":25,"column":2},"end":{"line":28,"column":3}},"18":{"start":{"line":26,"column":4},"end":{"line":26,"column":40}},"19":{"start":{"line":26,"column":29},"end":{"line":26,"column":40}},"20":{"start":{"line":27,"column":4},"end":{"line":27,"column":50}},"21":{"start":{"line":27,"column":33},"end":{"line":27,"column":49}},"22":{"start":{"line":29,"column":2},"end":{"line":29,"column":15}},"23":{"start":{"line":32,"column":21},"end":{"line":32,"column":22}},"24":{"start":{"line":33,"column":20},"end":{"line":33,"column":21}},"25":{"start":{"line":34,"column":12},"end":{"line":34,"column":51}},"26":{"start":{"line":35,"column":17},"end":{"line":35,"column":52}},"27":{"start":{"line":37,"column":0},"end":{"line":37,"column":24}},"28":{"start":{"line":39,"column":0},"end":{"line":46,"column":3}},"29":{"start":{"line":40,"column":2},"end":{"line":40,"column":28}},"30":{"start":{"line":41,"column":2},"end":{"line":41,"column":43}},"31":{"start":{"line":42,"column":2},"end":{"line":42,"column":26}},"32":{"start":{"line":43,"column":2},"end":{"line":45,"column":3}},"33":{"start":{"line":44,"column":4},"end":{"line":44,"column":22}},"34":{"start":{"line":48,"column":0},"end":{"line":52,"column":3}},"35":{"start":{"line":49,"column":2},"end":{"line":49,"column":50}},"36":{"start":{"line":50,"column":2},"end":{"line":50,"column":26}},"37":{"start":{"line":51,"column":2},"end":{"line":51,"column":30}}},"fnMap":{"0":{"name":"(anonymous_0)","decl":{"start":{"line":3,"column":29},"end":{"line":3,"column":30}},"loc":{"start":{"line":3,"column":60},"end":{"line":12,"column":1}},"line":3},"1":{"name":"(anonymous_1)","decl":{"start":{"line":14,"column":32},"end":{"line":14,"column":33}},"loc":{"start":{"line":14,"column":41},"end":{"line":20,"column":1}},"line":14},"2":{"name":"(anonymous_2)","decl":{"start":{"line":16,"column":16},"end":{"line":16,"column":17}},"loc":{"start":{"line":16,"column":24},"end":{"line":18,"column":3}},"line":16},"3":{"name":"(anonymous_3)","decl":{"start":{"line":22,"column":26},"end":{"line":22,"column":27}},"loc":{"start":{"line":22,"column":35},"end":{"line":30,"column":1}},"line":22},"4":{"name":"(anonymous_4)","decl":{"start":{"line":27,"column":25},"end":{"line":27,"column":26}},"loc":{"start":{"line":27,"column":33},"end":{"line":27,"column":49}},"line":27},"5":{"name":"(anonymous_5)","decl":{"start":{"line":39,"column":62},"end":{"line":39,"column":63}},"loc":{"start":{"line":39,"column":68},"end":{"line":46,"column":1}},"line":39},"6":{"name":"(anonymous_6)","decl":{"start":{"line":48,"column":63},"end":{"line":48,"column":64}},"loc":{"start":{"line":48,"column":69},"end":{"line":52,"column":1}},"line":48}},"branchMap":{"0":{"loc":{"start":{"line":25,"column":2},"end":{"line":28,"column":3}},"type":"if","locations":[{"start":{"line":25,"column":2},"end":{"line":28,"column":3}},{"start":{"line":25,"column":2},"end":{"line":28,"column":3}}],"line":25},"1":{"loc":{"start":{"line":26,"column":4},"end":{"line":26,"column":40}},"type":"if","locations":[{"start":{"line":26,"column":4},"end":{"line":26,"column":40}},{"start":{"line":26,"column":4},"end":{"line":26,"column":40}}],"line":26},"2":{"loc":{"start":{"line":43,"column":2},"end":{"line":45,"column":3}},"type":"if","locations":[{"start":{"line":43,"column":2},"end":{"line":45,"column":3}},{"start":{"line":43,"column":2},"end":{"line":45,"column":3}}],"line":43}},"s":{"0":1,"1":10,"2":10,"3":10,"4":23,"5":10,"6":10,"7":26,"8":10,"9":1,"10":2,"11":2,"12":19,"13":2,"14":1,"15":5,"16":5,"17":5,"18":2,"19":1,"20":2,"21":5,"22":5,"23":1,"24":1,"25":1,"26":1,"27":1,"28":1,"29":0,"30":0,"31":0,"32":0,"33":0,"34":1,"35":0,"36":0,"37":0},"f":{"0":10,"1":2,"2":19,"3":5,"4":5,"5":0,"6":0},"b":{"0":[2,3],"1":[1,1],"2":[0,0]},"_coverageSchema":"43e27e138ebf9cfc5966b082cf9a028302ed4184","hash":"aab14f14577e2d595f6738441d6981d4cc5d563a"}
,"C:\\Users\\aleo.yakas\\sites\\hostile-aliens\\JavaScript\\shipData.js": {"path":"C:\\Users\\aleo.yakas\\sites\\hostile-aliens\\JavaScript\\shipData.js","statementMap":{"0":{"start":{"line":2,"column":14},"end":{"line":21,"column":1}}},"fnMap":{},"branchMap":{},"s":{"0":1},"f":{},"b":{},"_coverageSchema":"43e27e138ebf9cfc5966b082cf9a028302ed4184","hash":"7115d9afe45ff87db3d6e3ced516be7fed0abfd6"}
}
