TN:
SF:C:\Users\aleo.yakas\sites\hostile-aliens\JavaScript\Ship.js
FN:2,(anonymous_0)
FN:11,(anonymous_1)
FN:15,(anonymous_2)
FN:19,(anonymous_3)
FN:27,(anonymous_4)
FN:33,(anonymous_5)
FN:45,(anonymous_6)
FNF:7
FNH:7
FNDA:62,(anonymous_0)
FNDA:8,(anonymous_1)
FNDA:4,(anonymous_2)
FNDA:8,(anonymous_3)
FNDA:22,(anonymous_4)
FNDA:24,(anonymous_5)
FNDA:27,(anonymous_6)
DA:5,62
DA:6,62
DA:7,62
DA:8,62
DA:12,8
DA:16,4
DA:20,8
DA:21,2
DA:23,6
DA:28,22
DA:36,24
DA:37,24
DA:38,24
DA:39,24
DA:40,24
DA:48,27
DA:49,27
DA:50,27
DA:51,27
DA:52,27
LF:20
LH:20
BRDA:20,0,0,2
BRDA:20,0,1,6
BRF:2
BRH:2
end_of_record
TN:
SF:C:\Users\aleo.yakas\sites\hostile-aliens\JavaScript\main.js
FN:3,(anonymous_0)
FN:14,(anonymous_1)
FN:16,(anonymous_2)
FN:22,(anonymous_3)
FN:27,(anonymous_4)
FN:39,(anonymous_5)
FN:48,(anonymous_6)
FNF:7
FNH:5
FNDA:10,(anonymous_0)
FNDA:2,(anonymous_1)
FNDA:19,(anonymous_2)
FNDA:5,(anonymous_3)
FNDA:5,(anonymous_4)
FNDA:0,(anonymous_5)
FNDA:0,(anonymous_6)
DA:3,1
DA:4,10
DA:5,10
DA:6,23
DA:8,10
DA:9,26
DA:11,10
DA:14,1
DA:15,2
DA:16,2
DA:17,19
DA:19,2
DA:22,1
DA:23,5
DA:24,5
DA:25,5
DA:26,2
DA:27,5
DA:29,5
DA:32,1
DA:33,1
DA:34,1
DA:35,1
DA:37,1
DA:39,1
DA:40,0
DA:41,0
DA:42,0
DA:43,0
DA:44,0
DA:48,1
DA:49,0
DA:50,0
DA:51,0
LF:34
LH:26
BRDA:25,0,0,2
BRDA:25,0,1,3
BRDA:26,1,0,1
BRDA:26,1,1,1
BRDA:43,2,0,0
BRDA:43,2,1,0
BRF:6
BRH:4
end_of_record
TN:
SF:C:\Users\aleo.yakas\sites\hostile-aliens\JavaScript\shipData.js
FNF:0
FNH:0
DA:2,1
LF:1
LH:1
BRF:0
BRH:0
end_of_record
